START-OF-LOG: 3.0
CREATED-BY: TR4W v.4.107.0
CALLSIGN: KJ9C
CONTEST: TXQP
CLAIMED-SCORE: 73
CATEGORY-ASSISTED: NON-ASSISTED
CATEGORY-BAND: ALL
CATEGORY-MODE: CW
CATEGORY-OPERATOR: SINGLE-OP
CATEGORY-POWER: HIGH
CATEGORY-STATION: FIXED
CATEGORY-TRANSMITTER: ONE
OPERATORS: KJ9C
CLUB: Big Sky Contesters
LOCATION: MT
NAME: Mel Crichton
ADDRESS: PO Box 160757
ADDRESS-CITY: Big Sky
ADDRESS-STATE-PROVINCE: MT
ADDRESS-POSTALCODE: 59716-0757
ADDRESS-COUNTRY: USA
EMAIL: kj9c@arrl.net
SOAPBOX: WHERE WAS NEW HAMPSHIRE?
QSO:	14000	CW	2025-09-21	0119	KJ9C	599	MT	AD4EB	599 WISE
QSO:	14000	CW	2025-09-21	0120	KJ9C	599	MT	AD5A	599 KEND
QSO:	14000	CW	2025-09-21	0123	KJ9C	599	MT	AD4EB	599 PARK/TARR
QSO:	14000	CW	2025-09-21	0124	KJ9C	599	MT	K5OT	599 BLAN
QSO:	7000	CW	2025-09-21	0125	KJ9C	599	MT	AI5IN	599 WALL
QSO:	7000	CW	2025-09-21	0126	KJ9C	599	MT	N5MI	599 ECTO
QSO:	7000	CW	2025-09-21	0126	KJ9C	599	MT	N5RZ	599 GILL
QSO:	7000	CW	2025-09-21	0128	KJ9C	599	MT	W5NC	599 HARR
QSO:	7000	CW	2025-09-21	0130	KJ9C	599	MT	WA8ZBT	599 DALS
QSO:	7000	CW	2025-09-21	0134	KJ9C	599	MT	K5WA	599 AUST
QSO:	7000	CW	2025-09-21	0134	KJ9C	599	MT	N5OT	599 MILA
QSO:	7000	CW	2025-09-21	0135	KJ9C	599	MT	AD5A	599 KEND
QSO:	7000	CW	2025-09-21	0148	KJ9C	599	MT	AJ4F	599 GALV
QSO:	7000	CW	2025-09-21	0148	KJ9C	599	MT	W5LXS	599 MIDL
QSO:	7000	CW	2025-09-21	0149	KJ9C	599	MT	NF5T	599 ECTO
QSO:	7000	CW	2025-09-21	0149	KJ9C	599	MT	AD4EB	599 PARK/TARR
QSO:	7000	CW	2025-09-21	0151	KJ9C	599	MT	W5ACQ	599 BREW
QSO:	7000	CW	2025-09-21	0152	KJ9C	599	MT	N5OT	599 FALL
QSO:	7000	CW	2025-09-21	0159	KJ9C	599	MT	K5KJ	599 DALS
QSO:	21000	CW	2025-09-21	1845	KJ9C	599	MT	NF5T	599 ECTO
QSO:	21000	CW	2025-09-21	1845	KJ9C	599	MT	AE5GT	599 HAYS
QSO:	14000	CW	2025-09-21	1849	KJ9C	599	MT	K5CCW	599 DENT
QSO:	14000	CW	2025-09-21	1903	KJ9C	599	MT	AI5IN	599 WALL
QSO:	14000	CW	2025-09-21	1906	KJ9C	599	MT	N5TM	599 COLO
QSO:	21000	CW	2025-09-21	1908	KJ9C	599	MT	K5WSN	599 HOOD
QSO:	21000	CW	2025-09-21	1911	KJ9C	599	MT	K5MR	599 COLN
QSO:	21000	CW	2025-09-21	1912	KJ9C	599	MT	W5NC	599 HARR

QSO:	14000	CW	2025-09-21	0120	KJ9C	599	MT	K0AP/M	599	CLA/EMM
QSO:	14000	CW	2025-09-21	0120	KJ9C	599	MT	K0AP/D	599	DIC/PLA
QSO:	14000	CW	2025-09-21	0121	KJ9C	599	MT	NG7A	599	LIN
QSO:	7000	CW	2025-09-21	0133	KJ9C	599	MT	K0AP	599	CLA/EMM
QSO:	7000	CW	2025-09-21	0133	KJ9C	599	MT	K0AP	599	DIC/PLA
QSO:	7000	CW	2025-09-21	0136	KJ9C	599	MT	K0KT	599	STR
QSO:	7000	CW	2025-09-21	0140	KJ9C	599	MT	N0HR	599	ADR/CAS
QSO:	7000	CW	2025-09-21	0141	KJ9C	599	MT	N0HR/M	599	GUT/AUD

QSO:	7000	CW	2025-09-21	0129	KJ9C	599	MT	W2MKM	599	HUNT
QSO:	7000	CW	2025-09-21	0157	KJ9C	599	MT	KE2D	599	MERC
QSO:	7000	CW	2025-09-21	0158	KJ9C	599	MT	WA2TMF	599	MERC
QSO:	7000	CW	2025-09-21	0140	KJ9C	599	MT	W2NO	599	MIDD
QSO:	7000	CW	2025-09-21	0144	KJ9C	599	MT	N2VY	599	MIDD
QSO:	7000	CW	2025-09-21	0137	KJ9C	599	MT	KR2Q	599	MORR
QSO:	7000	CW	2025-09-21	0127	KJ9C	599	MT	N2OO	599	OCEA
QSO:	7000	CW	2025-09-21	0155	KJ9C	599	MT	K2TL	599	UNIO
QSO:	7000	CW	2025-09-21	0142	KJ9C	599	MT	N2DGQ	599	USS

QSO:	14000	CW	2025-09-21	0120	KJ9C	599	MT	K7CW	599	MAS
QSO:	14000	CW	2025-09-21	0121	KJ9C	599	MT	W7DX	599	THU
QSO:	7000	CW	2025-09-21	0137	KJ9C	599	MT	K7TQ	599	COL
QSO:	7000	CW	2025-09-21	0138	KJ9C	599	MT	W7DK	599	PIE
QSO:	7000	CW	2025-09-21	0139	KJ9C	599	MT	WC7Q	599	KING
QSO:	7000	CW	2025-09-21	0144	KJ9C	599	MT	W7VJ	599	PIE
QSO:	7000	CW	2025-09-21	0145	KJ9C	599	MT	W7TMT	599	SAN
QSO:	7000	CW	2025-09-21	0150	KJ9C	599	MT	KN7T	599	SNO
QSO:	7000	CW	2025-09-21	0155	KJ9C	599	MT	N7GDE	599	SKAG
QSO:	7000	CW	2025-09-21	0156	KJ9C	599	MT	W7HJL	599	WAL
QSO:	14000	CW	2025-09-21	0214	KJ9C	599	MT	K7RLD	599	KING
QSO:	7000	CW	2025-09-21	0226	KJ9C	599	MT	K7CW	599	MAS
QSO:	7000	CW	2025-09-21	0228	KJ9C	599	MT	WU8T/7	599	CLAR
QSO:	7000	CW	2025-09-21	0229	KJ9C	599	MT	N3QQ	599	MAS
QSO:	14000	CW	2025-09-21	1850	KJ9C	599	MT	WS7L	599	PAC
QSO:	14000	CW	2025-09-21	1851	KJ9C	599	MT	WA7CPA	599	JEFF
QSO:	14000	CW	2025-09-21	1901	KJ9C	599	MT	W6OAT	599	KITS
QSO:	14000	CW	2025-09-21	1902	KJ9C	599	MT	N7RO	599	WHA
END-OF-LOG:

