START-OF-LOG: 3.0
CREATED-BY: Fast Log Entry 3.0
CONTEST: KS-QSO-PARTY
CALLSIGN: N4CD
NAME: 
QSO: 14000 CW 2025-09-20 1400 N4CD            599 COLN   VE2TLH        599 QE     0
QSO: 14000 CW 2025-09-20 1400 N4CD            599 COLN   K5WA          599 AUST   0
QSO: 14000 CW 2025-09-20 1401 N4CD            599 COLN   KA6BIM        599 OR     0
QSO: 14000 CW 2025-09-20 1402 N4CD            599 COLN   K5ME          599 ANGE   0
QSO: 14000 CW 2025-09-20 1403 N4CD            599 COLN   K1RO          599 NH     0
QSO: 14000 CW 2025-09-20 1404 N4CD            599 COLN   W8PI          599 MI     0
QSO: 14000 CW 2025-09-20 1405 N4CD            599 COLN   K4AMC         599 TN     0
QSO: 14000 CW 2025-09-20 1406 N4CD            599 COLN   NT6X          599 CA     0
QSO: 14000 CW 2025-09-20 1407 N4CD            599 COLN   N1LN          599 NC     0
QSO: 14000 CW 2025-09-20 1408 N4CD            599 COLN   WN4AFP        599 SC     0
QSO: 14000 CW 2025-09-20 1409 N4CD            599 COLN   K7WP          599 AZ     0
QSO: 14000 CW 2025-09-20 1410 N4CD            599 COLN   K7ZEB         599 AZ     0
QSO: 14000 CW 2025-09-20 1411 N4CD            599 COLN   N2NC          599 FL     0
QSO: 14000 CW 2025-09-20 1412 N4CD            599 COLN   K0TRL         599 KS     0
QSO: 14000 CW 2025-09-20 1413 N4CD            599 COLN   VE3TW         599 ON     0
QSO: 14000 CW 2025-09-20 1414 N4CD            599 COLN   K9CW          599 IL     0
QSO: 14000 CW 2025-09-20 1415 N4CD            599 COLN   AA2ZW         599 NY     0
QSO: 14000 CW 2025-09-20 1416 N4CD            599 COLN   NW0M          599 MO     0
QSO: 14000 CW 2025-09-20 1416 N4CD            599 COLN   W1WEF         599 MA     0
QSO: 14000 CW 2025-09-20 1417 N4CD            599 COLN   OM2VL         599 OM     0
QSO: 14000 CW 2025-09-20 1418 N4CD            599 COLN   KD2FSH        599 AZ     0
QSO: 14000 CW 2025-09-20 1419 N4CD            599 COLN   WB2PJH        599 NJ     0
QSO: 14000 CW 2025-09-20 1420 N4CD            599 COLN   VE3AQ         599 ON     0
QSO: 14000 CW 2025-09-20 1421 N4CD            599 COLN   N0HJZ         599 MN     0
QSO: 14000 CW 2025-09-20 1422 N4CD            599 COLN   N4DPM         599 FL     0
QSO: 14000 CW 2025-09-20 1423 N4CD            599 COLN   W7GF          599 OR     0
QSO: 14000 CW 2025-09-20 1424 N4CD            599 COLN   WA6KHK        599 CA     0
QSO: 14000 CW 2025-09-20 1425 N4CD            599 COLN   NI8W          599 OH     0
QSO: 14000 CW 2025-09-20 1426 N4CD            599 COLN   VE3YT         599 ON     0
QSO: 14000 CW 2025-09-20 1427 N4CD            599 COLN   W4ZBR         599 FL     0
QSO: 14000 CW 2025-09-20 1428 N4CD            599 COLN   KG9X          599 IL     0
QSO: 14000 CW 2025-09-20 1429 N4CD            599 COLN   W5TM          599 OK     0
QSO: 14000 CW 2025-09-20 1430 N4CD            599 COLN   N3KN          599 VA     0
QSO: 14000 CW 2025-09-20 1431 N4CD            599 COLN   KB0NES        599 MN     0
QSO: 14000 CW 2025-09-20 1432 N4CD            599 COLN   W5VS          599 VA     0
QSO: 14000 CW 2025-09-20 1432 N4CD            599 COLN   W4SIG         599 AZ     0
QSO: 14000 CW 2025-09-20 1433 N4CD            599 COLN   K2TAL         599 FL     0
QSO: 14000 CW 2025-09-20 1434 N4CD            599 COLN   K1BZ          599 ME     0
QSO: 14000 CW 2025-09-20 1435 N4CD            599 COLN   KW4EE         599 NC     0
QSO: 14000 CW 2025-09-20 1436 N4CD            599 COLN   VE3DQN        599 ON     0
QSO: 14000 CW 2025-09-20 1437 N4CD            599 COLN   K7REL         599 CA     0
QSO: 14000 CW 2025-09-20 1438 N4CD            599 COLN   N4IET         599 GA     0
QSO: 14000 CW 2025-09-20 1439 N4CD            599 COLN   K9JWI         599 IN     0
QSO: 14000 CW 2025-09-20 1440 N4CD            599 COLN   N5RZ          599 GILL   0
QSO: 14000 CW 2025-09-20 1441 N4CD            599 COLN   N4GEB         599 NC     0
QSO: 14000 CW 2025-09-20 1442 N4CD            599 COLN   K8SNH         599 FL     0
QSO: 14000 CW 2025-09-20 1443 N4CD            599 COLN   AF5IN         599 WALL   0
QSO: 14000 CW 2025-09-20 1444 N4CD            599 COLN   NE2R          599 ATLA   0
QSO: 14000 CW 2025-09-20 1445 N4CD            599 COLN   K6SCO         599 MI     0
QSO: 14000 CW 2025-09-20 1446 N4CD            599 COLN   KE0QKF        599 IA     0
QSO: 14000 CW 2025-09-20 1447 N4CD            599 COLN   WB0RLJ        599 NE     0
QSO: 14000 CW 2025-09-20 1448 N4CD            599 COLN   W2GR          599 NY     0
QSO: 14000 CW 2025-09-20 1449 N4CD            599 COLN   KE8UEX        599 MI     0
QSO: 14000 CW 2025-09-20 1450 N4CD            599 COLN   W4KXT         599 AL     0
QSO: 14000 CW 2025-09-20 1451 N4CD            599 COLN   K3WT          599 WI     0
QSO: 14000 CW 2025-09-20 1452 N4CD            599 COLN   WC1N          599 MA     0
QSO: 14000 CW 2025-09-20 1453 N4CD            599 COLN   NS1C          599 MA     0
QSO: 14000 CW 2025-09-20 1455 N4CD            599 COLN   KQ4EFU        599 TN     0
QSO: 14000 CW 2025-09-20 1456 N4CD            599 COLN   N3RTW         599 VA     0
QSO: 14000 CW 2025-09-20 1457 N4CD            599 COLN   K0KT          599 IA     0
QSO: 14000 CW 2025-09-20 1458 N4CD            599 COLN   W2WSV         599 GA     0
QSO: 14000 CW 2025-09-20 1500 N4CD            599 COLN   KY4ZY         599 TN     0
QSO: 14000 CW 2025-09-20 1505 N4CD            599 COLN   AB2E          599 NJ     0
QSO: 14000 CW 2025-09-20 1510 N4CD            599 COLN   NU0Q          599 IA     0
QSO: 14000 CW 2025-09-20 1516 N4CD            599 COLN   W2MKM         599 NJ     0
QSO: 14000 CW 2025-09-20 1521 N4CD            599 ROCK   K5WA          599 AUST   0
QSO: 14000 CW 2025-09-20 1521 N4CD            599 ROCK   VE3XT         599 ON     0
QSO: 14000 CW 2025-09-20 1522 N4CD            599 ROCK   W5TM          599 OK     0
QSO: 14000 CW 2025-09-20 1522 N4CD            599 ROCK   WA6KHK        599 CA     0
QSO: 14000 CW 2025-09-20 1523 N4CD            599 ROCK   WB8SKJ        599 OH     0
QSO: 14000 CW 2025-09-20 1524 N4CD            599 ROCK   KQ4R          599 FL     0
QSO: 14000 CW 2025-09-20 1524 N4CD            599 ROCK   KR4R          599 FL     0
QSO: 14000 CW 2025-09-20 1525 N4CD            599 ROCK   KR2AA         599 NY     0
QSO: 14000 CW 2025-09-20 1525 N4CD            599 ROCK   W8PI          599 MI     0
QSO: 14000 CW 2025-09-20 1526 N4CD            599 ROCK   WN4AFP        599 SC     0
QSO: 14000 CW 2025-09-20 1527 N4CD            599 ROCK   KV0I          599 NE     0
QSO: 14000 CW 2025-09-20 1527 N4CD            599 ROCK   K4CW          599 IL     0
QSO: 14000 CW 2025-09-20 1528 N4CD            599 ROCK   W8CAG         599 MI     0
QSO: 14000 CW 2025-09-20 1528 N4CD            599 ROCK   W8RZ          599 MI     0
QSO: 14000 CW 2025-09-20 1529 N4CD            599 ROCK   K4BAI         599 GA     0
QSO: 14000 CW 2025-09-20 1530 N4CD            599 ROCK   W4SIG         599 AZ     0
QSO: 14000 CW 2025-09-20 1530 N4CD            599 ROCK   OM2VL         599 OM     0
QSO: 14000 CW 2025-09-20 1531 N4CD            599 ROCK   K1RO          599 NH     0
QSO: 14000 CW 2025-09-20 1531 N4CD            599 ROCK   N1LN          599 NC     0
QSO: 14000 CW 2025-09-20 1532 N4CD            599 ROCK   W9DC          599 SC     0
QSO: 14000 CW 2025-09-20 1533 N4CD            599 ROCK   N4RC          599 MO     0
QSO: 14000 CW 2025-09-20 1533 N4CD            599 ROCK   K7REL         599 CA     0
QSO: 14000 CW 2025-09-20 1534 N4CD            599 ROCK   W9SN          599 TN     0
QSO: 14000 CW 2025-09-20 1534 N4CD            599 ROCK   NE8P          599 MI     0
QSO: 14000 CW 2025-09-20 1535 N4CD            599 ROCK   WB0CJB        599 TN     0
QSO: 14000 CW 2025-09-20 1536 N4CD            599 ROCK   K7URM         599 NC     0
QSO: 14000 CW 2025-09-20 1536 N4CD            599 ROCK   WA8ZBT        599 DALS   0
QSO: 14000 CW 2025-09-20 1537 N4CD            599 ROCK   KD4S          599 SC     0
QSO: 14000 CW 2025-09-20 1537 N4CD            599 ROCK   AI5IN         599 WALL   0
QSO: 14000 CW 2025-09-20 1538 N4CD            599 ROCK   K7TM          599 ID     0
QSO: 14000 CW 2025-09-20 1539 N4CD            599 ROCK   W5VS          599 VA     0
QSO: 14000 CW 2025-09-20 1539 N4CD            599 ROCK   N8II          599 WV     0
QSO: 14000 CW 2025-09-20 1540 N4CD            599 ROCK   WD4OIN        599 NC     0
QSO: 14000 CW 2025-09-20 1540 N4CD            599 ROCK   K2AR          599 NY     0
QSO: 14000 CW 2025-09-20 1541 N4CD            599 ROCK   WA3KCP        599 PA     0
QSO: 14000 CW 2025-09-20 1542 N4CD            599 ROCK   KM4FO         599 KY     0
QSO: 14000 CW 2025-09-20 1542 N4CD            599 ROCK   W5TM          599 OK     0
QSO: 14000 CW 2025-09-20 1543 N4CD            599 ROCK   K6YK          599 CA     0
QSO: 14000 CW 2025-09-20 1543 N4CD            599 ROCK   W7GF          599 OR     0
QSO: 14000 CW 2025-09-20 1544 N4CD            599 ROCK   W7ZF          599 AZ     0
QSO: 14000 CW 2025-09-20 1545 N4CD            599 ROCK   KA6BIM        599 OR     0
QSO: 14000 CW 2025-09-20 1545 N4CD            599 ROCK   WA2JWK        599 NY     0
QSO: 14000 CW 2025-09-20 1546 N4CD            599 ROCK   K8II          599 WV     0
QSO: 14000 CW 2025-09-20 1546 N4CD            599 ROCK   N3KN          599 VA     0
QSO: 14000 CW 2025-09-20 1547 N4CD            599 ROCK   KK1ZZI        599 SC     0
QSO: 14000 CW 2025-09-20 1547 N4CD            599 ROCK   K5ZD          599 OH     0
QSO: 14000 CW 2025-09-20 1548 N4CD            599 ROCK   K4DR          599 TN     0
QSO: 14000 CW 2025-09-20 1548 N4CD            599 ROCK   KX4X          599 AL     0
QSO: 14000 CW 2025-09-20 1549 N4CD            599 ROCK   W0DET         599 CO     0
QSO: 14000 CW 2025-09-20 1549 N4CD            599 ROCK   KD4S          599 SC     0
QSO: 14000 CW 2025-09-20 1550 N4CD            599 ROCK   WA9FET        599 IL     0
QSO: 14000 CW 2025-09-20 1550 N4CD            599 ROCK   KR4AE         599 GA     0
QSO: 14000 CW 2025-09-20 1551 N4CD            599 ROCK   WB2PJH        599 NJ     0
QSO: 14000 CW 2025-09-20 1551 N4CD            599 ROCK   W3US          599 FL     0
QSO: 14000 CW 2025-09-20 1552 N4CD            599 ROCK   W4TM          599 GA     0
QSO: 14000 CW 2025-09-20 1552 N4CD            599 ROCK   N9SB          599 IL     0
QSO: 14000 CW 2025-09-20 1553 N4CD            599 ROCK   K4FT          599 SC     0
QSO: 14000 CW 2025-09-20 1553 N4CD            599 ROCK   WB5CSK        599 OK     0
QSO: 14000 CW 2025-09-20 1554 N4CD            599 ROCK   K5JR          599 GA     0
QSO: 14000 CW 2025-09-20 1554 N4CD            599 ROCK   K0TC          599 MN     0
QSO: 14000 CW 2025-09-20 1555 N4CD            599 ROCK   KT7RC         599 AZ     0
QSO: 14000 CW 2025-09-20 1606 N4CD            599 ROCK   N4JRA         599 NC     0
QSO: 14000 CW 2025-09-20 1618 N4CD            599 ROCK   KA0CSW        599 MN     0
QSO: 14000 CW 2025-09-20 1630 N4CD            599 DALS   K0ACP         599 MI     0
QSO: 14000 CW 2025-09-20 1632 N4CD            599 DALS   K7RVD         599 WA     0
QSO: 14000 CW 2025-09-20 1634 N4CD            599 DALS   NU7J          599 WA     0
QSO: 14000 CW 2025-09-20 1636 N4CD            599 DALS   KD8BBK        599 UT     0
QSO: 14000 CW 2025-09-20 1638 N4CD            599 DALS   W4AQ          599 SC     0
QSO: 14000 CW 2025-09-20 1640 N4CD            599 DALS   KO4NLL        599 GA     0
QSO: 14000 CW 2025-09-20 1642 N4CD            599 DALS   KC4WQ         599 IN     0
QSO: 14000 CW 2025-09-20 1644 N4CD            599 DALS   WR4P          599 SC     0
QSO: 14000 CW 2025-09-20 1646 N4CD            599 DALS   AE4LH         599 UT     0
QSO: 14000 CW 2025-09-20 1648 N4CD            599 DALS   KC0ZPS        599 CO     0
QSO: 14000 CW 2025-09-20 1649 N4CD            599 DALS   K3ES          599 PA     0
QSO: 14000 CW 2025-09-20 1650 N4CD            599 DALS   N3QQ          599 WA     0
QSO: 14000 CW 2025-09-20 1651 N4CD            599 DALS   W7PFB         599 WA     0
QSO: 14000 CW 2025-09-20 1653 N4CD            599 DALS   W7DX          599 WA     0
QSO: 14000 CW 2025-09-20 1654 N4CD            599 DALS   K0AP          599 IA     0
QSO: 14000 CW 2025-09-20 1655 N4CD            599 DALS   N9FZ          599 GA     0
QSO: 14000 CW 2025-09-20 1656 N4CD            599 DALS   W7UJ          599 WA     0
QSO: 14000 CW 2025-09-20 1658 N4CD            599 DALS   AA5IN         599 WALL   0
QSO: 14000 CW 2025-09-20 1659 N4CD            599 DALS   AD0RJ         599 IA     0
QSO: 14000 CW 2025-09-20 1700 N4CD            599 DALS   N5XZ          599 FBEN   0
QSO: 14000 CW 2025-09-20 1702 N4CD            599 DALS   K1RO          599 NH     0
QSO: 14000 CW 2025-09-20 1703 N4CD            599 DALS   N1LN          599 NC     0
QSO: 14000 CW 2025-09-20 1704 N4CD            599 DALS   K5KJ          599 DALS   0
QSO: 14000 CW 2025-09-20 1705 N4CD            599 DALS   K0TRL         599 KS     0
QSO: 14000 CW 2025-09-20 1707 N4CD            599 DALS   W3US          599 FL     0
QSO: 14000 CW 2025-09-20 1708 N4CD            599 DALS   NU4N          599 KY     0
QSO: 14000 CW 2025-09-20 1709 N4CD            599 DALS   AA4TI         599 FL     0
QSO: 14000 CW 2025-09-20 1711 N4CD            599 DALS   N4NK          599 JEFF   0
QSO: 14000 CW 2025-09-20 1712 N4CD            599 DALS   WB9HFK        599 IL     0
QSO: 14000 CW 2025-09-20 1713 N4CD            599 DALS   N2MF          599 NY     0
QSO: 14000 CW 2025-09-20 1714 N4CD            599 DALS   N8DNA         599 OH     0
QSO: 14000 CW 2025-09-20 1716 N4CD            599 DALS   KR4AE         599 GA     0
QSO: 14000 CW 2025-09-20 1717 N4CD            599 DALS   K4BAI         599 GA     0
QSO: 14000 CW 2025-09-20 1718 N4CD            599 DALS   K8VA          599 MI     0
QSO: 14000 CW 2025-09-20 1720 N4CD            599 DALS   KC6S          599 CA     0
QSO: 14000 CW 2025-09-20 1722 N4CD            599 DALS   N7GDF         599 WA     0
QSO: 14000 CW 2025-09-20 1724 N4CD            599 DALS   KJ5V          599 DALS   0
QSO: 21000 CW 2025-09-20 1726 N4CD            599 DALS   K7GS          599 WA     0
QSO: 21000 CW 2025-09-20 1729 N4CD            599 DALS   WA7CPA        599 WA     0
QSO: 21000 CW 2025-09-20 1731 N4CD            599 DALS   W7DK          599 WA     0
QSO: 21000 CW 2025-09-20 1733 N4CD            599 DALS   K2ZQ          599 NJ     0
QSO: 21000 CW 2025-09-20 1735 N4CD            599 DALS   NJ2OM         599 NJ     0
QSO: 21000 CW 2025-09-20 1738 N4CD            599 DALS   OH6V          599 OH     0
QSO: 21000 CW 2025-09-20 1738 N4CD            599 DALS   N1API         599 CT     0
QSO: 21000 CW 2025-09-20 1739 N4CD            599 DALS   DL3DXX        599 DL     0
QSO: 21000 CW 2025-09-20 1740 N4CD            599 DALS   K7TM          599 ID     0
QSO: 21000 CW 2025-09-20 1741 N4CD            599 DALS   W0MU          599 CO     0
QSO: 21000 CW 2025-09-20 1741 N4CD            599 DALS   K7REL         599 CA     0
QSO: 21000 CW 2025-09-20 1742 N4CD            599 DALS   W3PR          599 WA     0
QSO: 21000 CW 2025-09-20 1743 N4CD            599 DALS   K7SS          599 WA     0
QSO: 21000 CW 2025-09-20 1744 N4CD            599 DALS   K7RI          599 WA     0
QSO: 21000 CW 2025-09-20 1745 N4CD            599 DALS   N6CHU/7       599 WA     0
QSO: 21000 CW 2025-09-20 1847 N4CD            599 DALS   W3RP          599 NJ     0
QSO: 21000 CW 2025-09-20 1949 N4CD            599 DALS   OH6NC         599 OH     0
QSO: 21000 CW 2025-09-20 2052 N4CD            599 DALS   N2ZQ          599        0
QSO: 21000 CW 2025-09-20 2154 N4CD            599 DALS   K7SS          599 WA     0
QSO: 21000 CW 2025-09-20 2257 N4CD            599 DALS   K7RI          599 WA     0
QSO: 21000 CW 2025-09-20 2359 N4CD            599 DALS   N6CHU         599 WA     0
QSO: 14000 CW 2025-09-21 1400 N4CD            599 FANN   KY9P          599 NM     0
QSO: 14000 CW 2025-09-21 1400 N4CD            599 FANN   N9CIQ         599 WI     0
QSO: 14000 CW 2025-09-21 1401 N4CD            599 FANN   W4NZ          599 TN     0
QSO: 14000 CW 2025-09-21 1402 N4CD            599 FANN   N4TB          599 FL     0
QSO: 14000 CW 2025-09-21 1403 N4CD            599 FANN   N1LN          599 NC     0
QSO: 14000 CW 2025-09-21 1404 N4CD            599 FANN   N3KN          599 VA     0
QSO: 14000 CW 2025-09-21 1405 N4CD            599 FANN   W3US          599 FL     0
QSO: 14000 CW 2025-09-21 1406 N4CD            599 FANN   AA3R          599 NJ     0
QSO: 14000 CW 2025-09-21 1407 N4CD            599 FANN   K9CW          599 IL     0
QSO: 14000 CW 2025-09-21 1408 N4CD            599 FANN   K2ZR          599 NY     0
QSO: 14000 CW 2025-09-21 1409 N4CD            599 FANN   K9WX          599 IN     0
QSO: 14000 CW 2025-09-21 1410 N4CD            599 FANN   KD2FSH        599 AZ     0
QSO: 14000 CW 2025-09-21 1411 N4CD            599 FANN   KR4AE         599 VA     0
QSO: 14000 CW 2025-09-21 1412 N4CD            599 FANN   N8II          599 WV     0
QSO: 14000 CW 2025-09-21 1413 N4CD            599 FANN   W8PI          599 MI     0
QSO: 14000 CW 2025-09-21 1414 N4CD            599 FANN   N2MF          599 NY     0
QSO: 14000 CW 2025-09-21 1415 N4CD            599 FANN   NJ3K          599 PA     0
QSO: 14000 CW 2025-09-21 1415 N4CD            599 FANN   W0TRL         599 KS     0
QSO: 14000 CW 2025-09-21 1416 N4CD            599 FANN   W4TM          599 GA     0
QSO: 14000 CW 2025-09-21 1417 N4CD            599 FANN   KA6BIM        599 OR     0
QSO: 14000 CW 2025-09-21 1418 N4CD            599 FANN   K4HNY         599 NC     0
QSO: 14000 CW 2025-09-21 1419 N4CD            599 FANN   NE8P          599 MI     0
QSO: 14000 CW 2025-09-21 1420 N4CD            599 FANN   WA6KHK        599 CA     0
QSO: 14000 CW 2025-09-21 1421 N4CD            599 FANN   W6LEN         599 CA     0
QSO: 14000 CW 2025-09-21 1422 N4CD            599 FANN   K4FT          599 SC     0
QSO: 14000 CW 2025-09-21 1423 N4CD            599 FANN   K1RO          599 NH     0
QSO: 14000 CW 2025-09-21 1424 N4CD            599 FANN   VE3AQ         599 ON     0
QSO: 14000 CW 2025-09-21 1425 N4CD            599 FANN   N0HJZ         599 MN     0
QSO: 14000 CW 2025-09-21 1426 N4CD            599 FANN   N5JJ          599 BZIA   0
QSO: 14000 CW 2025-09-21 1427 N4CD            599 FANN   NF5T          599 ECTO   0
QSO: 14000 CW 2025-09-21 1428 N4CD            599 FANN   K4ZGB         599 AL     0
QSO: 14000 CW 2025-09-21 1429 N4CD            599 FANN   W5LVC         599 DENT   0
QSO: 14000 CW 2025-09-21 1430 N4CD            599 FANN   K5WA          599 AUGT   0
QSO: 14000 CW 2025-09-21 1504 N4CD            599 FANN   N40X          599 FL     0
QSO: 14000 CW 2025-09-21 1504 N4CD            599 FANN   K3IE          599 TN     0
QSO: 14000 CW 2025-09-21 1504 N4CD            599 FANN   AD8J          599 NC     0
QSO: 14000 CW 2025-09-21 1505 N4CD            599 FANN   W0BET         599 CO     0
QSO: 14000 CW 2025-09-21 1505 N4CD            599 FANN   N6TQ          599 CA     0
QSO: 14000 CW 2025-09-21 1505 N4CD            599 FANN   NE9P          599 MI     0
QSO: 14000 CW 2025-09-21 1506 N4CD            599 FANN   K9OM          599 WI     0
QSO: 14000 CW 2025-09-21 1506 N4CD            599 FANN   W9SN          599 TN     0
QSO: 14000 CW 2025-09-21 1506 N4CD            599 FANN   AA4TI         599 FL     0
QSO: 14000 CW 2025-09-21 1507 N4CD            599 FANN   NU4N          599 KY     0
QSO: 14000 CW 2025-09-21 1507 N4CD            599 FANN   W9DC          599 SC     0
QSO: 14000 CW 2025-09-21 1507 N4CD            599 FANN   VE3KP         599 ON     0
QSO: 14000 CW 2025-09-21 1508 N4CD            599 FANN   WB0HRL        599 SC     0
QSO: 14000 CW 2025-09-21 1508 N4CD            599 FANN   KS4S          599 SC     0
QSO: 14000 CW 2025-09-21 1508 N4CD            599 FANN   WB9HFK        599 IL     0
QSO: 14000 CW 2025-09-21 1509 N4CD            599 FANN   N9SM          599 GA     0
QSO: 14000 CW 2025-09-21 1509 N4CD            599 FANN   W4HAY         599 SC     0
QSO: 14000 CW 2025-09-21 1509 N4CD            599 FANN   AA5IN         599 WALL   0
QSO: 14000 CW 2025-09-21 1510 N4CD            599 FANN   W7GF          599 OR     0
QSO: 14000 CW 2025-09-21 1510 N4CD            599 FANN   W7ZF          599 AZ     0
QSO: 14000 CW 2025-09-21 1510 N4CD            599 FANN   W8RZ          599 MI     0
QSO: 14000 CW 2025-09-21 1511 N4CD            599 FANN   AE5GT         599 HAYS   0
QSO: 14000 CW 2025-09-21 1511 N4CD            599 FANN   W5TM          599 OK     0
QSO: 14000 CW 2025-09-21 1511 N4CD            599 FANN   WB0CJB        599 TN     0
QSO: 14000 CW 2025-09-21 1512 N4CD            599 FANN   N9CIQ         599 WI     0
QSO: 14000 CW 2025-09-21 1512 N4CD            599 FANN   AD4TT         599 FL     0
QSO: 14000 CW 2025-09-21 1512 N4CD            599 FANN   W5MX          599 KY     0
QSO: 14000 CW 2025-09-21 1513 N4CD            599 FANN   K6YK          599 CA     0
QSO: 14000 CW 2025-09-21 1513 N4CD            599 FANN   VA3SP         599 ON     0
QSO: 14000 CW 2025-09-21 1513 N4CD            599 FANN   W4TM          599 CA     0
QSO: 14000 CW 2025-09-21 1514 N4CD            599 FANN   K3YP          599 PA     0
QSO: 14000 CW 2025-09-21 1514 N4CD            599 FANN   W2CS          599 NC     0
QSO: 14000 CW 2025-09-21 1514 N4CD            599 FANN   OM2VL         599 OM     0
QSO: 14000 CW 2025-09-21 1515 N4CD            599 FANN   WI4G          599 TN     0
QSO: 14000 CW 2025-09-21 1515 N4CD            599 FANN   N2IC          599 NM     0
QSO: 14000 CW 2025-09-21 1516 N4CD            599 FANN   W5ACQ         599 TN     0
QSO: 14000 CW 2025-09-21 1516 N4CD            599 FANN   K8MV          599 FL     0
QSO: 14000 CW 2025-09-21 1516 N4CD            599 FANN   N5RZ          599 GILL   0
QSO: 14000 CW 2025-09-21 1517 N4CD            599 FANN   W4SIG         599 AZ     0
QSO: 14000 CW 2025-09-21 1517 N4CD            599 FANN   KI4MZC        599 GA     0
QSO: 14000 CW 2025-09-21 1517 N4CD            599 FANN   K7TM          599 ID     0
QSO: 14000 CW 2025-09-21 1518 N4CD            599 FANN   K4DPM         599 GL     0
QSO: 14000 CW 2025-09-21 1518 N4CD            599 FANN   VE3YT         599 ON     0
QSO: 14000 CW 2025-09-21 1518 N4CD            599 FANN   WA6RST        599 AB     0
QSO: 14000 CW 2025-09-21 1519 N4CD            599 FANN   KR4AE         599 GA     0
QSO: 14000 CW 2025-09-21 1519 N4CD            599 FANN   KK4R          599 VA     0
QSO: 14000 CW 2025-09-21 1519 N4CD            599 GRSN   N40X          599 FL     0
QSO: 14000 CW 2025-09-21 1520 N4CD            599 GRSN   K3IE          599 TN     0
QSO: 14000 CW 2025-09-21 1520 N4CD            599 GRSN   AD8J          599 NC     0
QSO: 14000 CW 2025-09-21 1520 N4CD            599 GRSN   W0BET         599 CO     0
QSO: 14000 CW 2025-09-21 1521 N4CD            599 GRSN   N6TQ          599 CA     0
QSO: 14000 CW 2025-09-21 1521 N4CD            599 GRSN   NE9P          599 MI     0
QSO: 14000 CW 2025-09-21 1521 N4CD            599 GRSN   K9OM          599 WI     0
QSO: 14000 CW 2025-09-21 1522 N4CD            599 GRSN   W9SN          599 TN     0
QSO: 14000 CW 2025-09-21 1522 N4CD            599 GRSN   AA4TI         599 FL     0
QSO: 14000 CW 2025-09-21 1522 N4CD            599 GRSN   NU4N          599 KY     0
QSO: 14000 CW 2025-09-21 1523 N4CD            599 GRSN   W9DC          599 SC     0
QSO: 14000 CW 2025-09-21 1523 N4CD            599 GRSN   VE3KP         599 ON     0
QSO: 14000 CW 2025-09-21 1523 N4CD            599 GRSN   WB0HRL        599 SC     0
QSO: 14000 CW 2025-09-21 1524 N4CD            599 GRSN   KS4S          599 SC     0
QSO: 14000 CW 2025-09-21 1524 N4CD            599 GRSN   WB9HFK        599 IL     0
QSO: 14000 CW 2025-09-21 1524 N4CD            599 GRSN   N9SM          599 GA     0
QSO: 14000 CW 2025-09-21 1525 N4CD            599 GRSN   W4HAY         599 SC     0
QSO: 14000 CW 2025-09-21 1525 N4CD            599 GRSN   AA5IN         599 WALL   0
QSO: 14000 CW 2025-09-21 1525 N4CD            599 GRSN   W7GF          599 OR     0
QSO: 14000 CW 2025-09-21 1526 N4CD            599 GRSN   W7ZF          599 AZ     0
QSO: 14000 CW 2025-09-21 1526 N4CD            599 GRSN   W8RZ          599 MI     0
QSO: 14000 CW 2025-09-21 1526 N4CD            599 GRSN   AE5GT         599 HAYS   0
QSO: 14000 CW 2025-09-21 1527 N4CD            599 GRSN   W5TM          599 OK     0
QSO: 14000 CW 2025-09-21 1527 N4CD            599 GRSN   WB0CJB        599 TN     0
QSO: 14000 CW 2025-09-21 1528 N4CD            599 GRSN   N9CIQ         599 WI     0
QSO: 14000 CW 2025-09-21 1528 N4CD            599 GRSN   AD4TT         599 FL     0
QSO: 14000 CW 2025-09-21 1528 N4CD            599 GRSN   W5MX          599 KY     0
QSO: 14000 CW 2025-09-21 1529 N4CD            599 GRSN   K6YK          599 CA     0
QSO: 14000 CW 2025-09-21 1529 N4CD            599 GRSN   VA3SP         599 ON     0
QSO: 14000 CW 2025-09-21 1529 N4CD            599 GRSN   W4TM          599 CA     0
QSO: 14000 CW 2025-09-21 1530 N4CD            599 GRSN   K3YP          599 PA     0
QSO: 14000 CW 2025-09-21 1530 N4CD            599 GRSN   W2CS          599 NC     0
QSO: 14000 CW 2025-09-21 1530 N4CD            599 GRSN   OM2VL         599 OM     0
QSO: 14000 CW 2025-09-21 1531 N4CD            599 GRSN   WI4G          599 TN     0
QSO: 14000 CW 2025-09-21 1531 N4CD            599 GRSN   N2IC          599 NM     0
QSO: 14000 CW 2025-09-21 1531 N4CD            599 GRSN   W5ACQ         599 TN     0
QSO: 14000 CW 2025-09-21 1532 N4CD            599 GRSN   K8MV          599 FL     0
QSO: 14000 CW 2025-09-21 1532 N4CD            599 GRSN   N5RZ          599 GILL   0
QSO: 14000 CW 2025-09-21 1532 N4CD            599 GRSN   W4SIG         599 AZ     0
QSO: 14000 CW 2025-09-21 1533 N4CD            599 GRSN   KI4MZC        599 GA     0
QSO: 14000 CW 2025-09-21 1533 N4CD            599 GRSN   K7TM          599 ID     0
QSO: 14000 CW 2025-09-21 1533 N4CD            599 GRSN   K4DPM         599 GL     0
QSO: 14000 CW 2025-09-21 1534 N4CD            599 GRSN   VE3YT         599 ON     0
QSO: 14000 CW 2025-09-21 1534 N4CD            599 GRSN   WA6RST        599 AB     0
QSO: 14000 CW 2025-09-21 1534 N4CD            599 GRSN   KR4AE         599 GA     0
QSO: 14000 CW 2025-09-21 1535 N4CD            599 GRSN   KK4R          599        0
QSO: 14000 CW 2025-09-21 1535 N4CD            599 GRSN   K2ZR          599 NY     0
QSO: 14000 CW 2025-09-21 1535 N4CD            599 GRSN   W3US          599 FL     0
QSO: 14000 CW 2025-09-21 1536 N4CD            599 GRSN   KA6BIM        599 OR     0
QSO: 14000 CW 2025-09-21 1536 N4CD            599 GRSN   N1LN          599 NC     0
QSO: 14000 CW 2025-09-21 1536 N4CD            599 GRSN   AA3R          599 PA     0
QSO: 14000 CW 2025-09-21 1537 N4CD            599 GRSN   KR4AE         599 GA     0
QSO: 14000 CW 2025-09-21 1537 N4CD            599 GRSN   W4NZ          599 TN     0
QSO: 14000 CW 2025-09-21 1537 N4CD            599 GRSN   K9CW          599 IL     0
QSO: 14000 CW 2025-09-21 1538 N4CD            599 GRSN   N0HJZ         599 MN     0
QSO: 14000 CW 2025-09-21 1538 N4CD            599 GRSN   W8PI          599 MI     0
QSO: 14000 CW 2025-09-21 1539 N4CD            599 GRSN   K1RO          599 NH     0
QSO: 21000 CW 2025-09-21 1539 N4CD            599 FANN   K1RO          599 NH     0
QSO: 21000 CW 2025-09-21 1539 N4CD            599 FANN   K5OT          599 BLAN   0
QSO: 21000 CW 2025-09-21 1540 N4CD            599 FANN   W4SIG         599 AZ     0
QSO: 21000 CW 2025-09-21 1540 N4CD            599 FANN   DL3DXX        599 DL     0
QSO: 21000 CW 2025-09-21 1540 N4CD            599 FANN   K2YC          599 NJ     0
QSO: 21000 CW 2025-09-21 1541 N4CD            599 FANN   NM2A          599 NY     0
QSO: 21000 CW 2025-09-21 1541 N4CD            599 FANN   LY5A          599 LY     0
QSO: 21000 CW 2025-09-21 1541 N4CD            599 FANN   W4ANT         599 SC     0
QSO: 21000 CW 2025-09-21 1542 N4CD            599 FANN   K7TM          599 ID     0
QSO: 21000 CW 2025-09-21 1542 N4CD            599 FANN   WA2QAU        599 NY     0
QSO: 21000 CW 2025-09-21 1543 N4CD            599 FANN   OM2VL         599 OM     0
QSO: 21000 CW 2025-09-21 1543 N4CD            599 FANN   WA6KHK        599 CA     0
QSO: 21000 CW 2025-09-21 1543 N4CD            599 FANN   N1API         599 CT     0
QSO: 21000 CW 2025-09-21 1544 N4CD            599 FANN   N6MU          599 CA     0
QSO: 21000 CW 2025-09-21 1544 N4CD            599 FANN   W4YDY         599 NC     0
QSO: 21000 CW 2025-09-21 1544 N4CD            599 FANN   WO4O          599 FL     0
QSO: 21000 CW 2025-09-21 1545 N4CD            599 FANN   NE8P          599 MI     0
QSO: 21000 CW 2025-09-21 1545 N4CD            599 FANN   N2MF          599 NY     0
QSO: 21000 CW 2025-09-21 1546 N4CD            599 FANN   DL5AXX        599 DL     0
QSO: 21000 CW 2025-09-21 1546 N4CD            599 FANN   HA8IB         599 HA     0
QSO: 21000 CW 2025-09-21 1546 N4CD            599 FANN   N4TB          599 FL     0
QSO: 21000 CW 2025-09-21 1547 N4CD            599 FANN   VA3SP         599 ON     0
QSO: 21000 CW 2025-09-21 1547 N4CD            599 FANN   N3PPE         599 PA     0
QSO: 21000 CW 2025-09-21 1547 N4CD            599 FANN   KA6BIM        599 OR     0
QSO: 21000 CW 2025-09-21 1548 N4CD            599 FANN   K2WAT         599 NC     0
QSO: 21000 CW 2025-09-21 1548 N4CD            599 FANN   VA3FN         599 ON     0
QSO: 21000 CW 2025-09-21 1549 N4CD            599 FANN   W1FJ          599 MA     0
QSO: 21000 CW 2025-09-21 1549 N4CD            599 FANN   N2DGQ         599 NJ     0
QSO: 21000 CW 2025-09-21 1549 N4CD            599 FANN   W5VS          599 VA     0
QSO: 21000 CW 2025-09-21 1550 N4CD            599 FANN   KY4GS         599 SC     0
QSO: 21000 CW 2025-09-21 1550 N4CD            599 FANN   N8II          599 WV     0
QSO: 21000 CW 2025-09-21 1550 N4CD            599 GRSN   K1RO          599 NH     0
QSO: 21000 CW 2025-09-21 1551 N4CD            599 GRSN   K5OT          599 BLAN   0
QSO: 21000 CW 2025-09-21 1551 N4CD            599 GRSN   W4SIG         599 AZ     0
QSO: 21000 CW 2025-09-21 1551 N4CD            599 GRSN   DL3DXX        599 DL     0
QSO: 21000 CW 2025-09-21 1552 N4CD            599 GRSN   K2YC          599 NJ     0
QSO: 21000 CW 2025-09-21 1552 N4CD            599 GRSN   NM2A          599 NY     0
QSO: 21000 CW 2025-09-21 1553 N4CD            599 GRSN   LY5A          599 LY     0
QSO: 21000 CW 2025-09-21 1553 N4CD            599 GRSN   W4ANT         599 SC     0
QSO: 21000 CW 2025-09-21 1553 N4CD            599 GRSN   K7TM          599 ID     0
QSO: 21000 CW 2025-09-21 1554 N4CD            599 GRSN   WA2QAU        599 NY     0
QSO: 21000 CW 2025-09-21 1554 N4CD            599 GRSN   OM2VL         599 OM     0
QSO: 21000 CW 2025-09-21 1554 N4CD            599 GRSN   WA6KHK        599 CA     0
QSO: 21000 CW 2025-09-21 1555 N4CD            599 GRSN   N1API         599 CT     0
QSO: 21000 CW 2025-09-21 1555 N4CD            599 GRSN   N6MU          599 CA     0
QSO: 21000 CW 2025-09-21 1556 N4CD            599 GRSN   W4YDY         599 NC     0
QSO: 21000 CW 2025-09-21 1556 N4CD            599 GRSN   WO4O          599 FL     0
QSO: 21000 CW 2025-09-21 1556 N4CD            599 GRSN   NE8P          599 MI     0
QSO: 21000 CW 2025-09-21 1557 N4CD            599 GRSN   N2MF          599 NY     0
QSO: 21000 CW 2025-09-21 1557 N4CD            599 GRSN   DL5AXX        599 DL     0
QSO: 21000 CW 2025-09-21 1557 N4CD            599 GRSN   HA8IB         599 HA     0
QSO: 21000 CW 2025-09-21 1558 N4CD            599 GRSN   N4TB          599 FL     0
QSO: 21000 CW 2025-09-21 1558 N4CD            599 GRSN   VA3SP         599 ON     0
QSO: 21000 CW 2025-09-21 1559 N4CD            599 GRSN   N3PPE         599 PA     0
QSO: 21000 CW 2025-09-21 1559 N4CD            599 GRSN   KA6BIM        599 OR     0
QSO: 21000 CW 2025-09-21 1559 N4CD            599 GRSN   K2WAT         599 NC     0
QSO: 21000 CW 2025-09-21 1600 N4CD            599 GRSN   VA3FN         599 ON     0
QSO: 21000 CW 2025-09-21 1600 N4CD            599 GRSN   W1FJ          599 MA     0
QSO: 21000 CW 2025-09-21 1600 N4CD            599 GRSN   N2DGQ         599 NJ     0
QSO: 21000 CW 2025-09-21 1601 N4CD            599 GRSN   W5VS          599 VA     0
QSO: 21000 CW 2025-09-21 1601 N4CD            599 GRSN   KY4GS         599 SC     0
QSO: 21000 CW 2025-09-21 1602 N4CD            599 GRSN   N8II          599 WV     0
END-OF-LOG:
