START-OF-LOG: 3.0
CREATED-BY: TR4W v.4.121.0
CALLSIGN: RG5A
CONTEST: TEXAS QSO PARTY
CLAIMED-SCORE: 210
CATEGORY-ASSISTED: ASSISTED
CATEGORY-BAND: ALL
CATEGORY-MODE: CW
CATEGORY-OPERATOR: SINGLE-OP
CATEGORY-POWER: LOW
CATEGORY-STATION: FIXED
CATEGORY-TRANSMITTER: ONE
OPERATORS: RG5A
CLUB: Russian Contest Club
LOCATION: DX
NAME: Alexander Urzhumtsev
ADDRESS: ul. Timashevskaya, dom 34, selo Moldovka
ADDRESS-CITY: Sochi
ADDRESS-STATE-PROVINCE: Krasnodarskiy kray
ADDRESS-POSTALCODE: 354393
ADDRESS-COUNTRY: Russia
EMAIL: rz3by@hotmail.com
SOAPBOX: TNX 73
GRID-LOCATOR: KN93XL
QSO: 21038 CW 2025-09-20 1600 RG5A    599 UA3    N5JJ           599 BZIA         
QSO: 21041 CW 2025-09-20 1606 RG5A    599 UA3    K5OT           599 BLAN         
QSO: 21033 CW 2025-09-20 1637 RG5A    599 UA3    N5XZ           599 FBEN         
QSO: 21039 CW 2025-09-20 1638 RG5A    599 UA3    AJ4F           599 GALV         
QSO: 21034 CW 2025-09-20 1645 RG5A    599 UA3    N5TJ           599 HAYS         
QSO: 21042 CW 2025-09-20 1704 RG5A    599 UA3    N5RZ           599 GILL         
QSO: 14032 CW 2025-09-20 2348 RG5A    599 UA3    K5OT           599 BLAN         
QSO:  7031 CW 2025-09-21 0125 RG5A    599 UA3    N5RZ           599 GILL         
QSO: 21039 CW 2025-09-21 1727 RG5A    599 UA3    AD5A           599 KEND         
QSO: 21034 CW 2025-09-21 1744 RG5A    599 UA3    AE5GT          599 HAYS         
END-OF-LOG: 