START-OF-LOG:  3.0
CREATED-BY:    SD by EI5DI
X-VERSION:     SD V22.23  :  SDCHECK V22.23  :  Template QGENERAL.TPL
X-BEST-RATES:  BEST MINUTE 1 : 
CONTEST:       TX-QP
CALLSIGN:      SM1TDE
CATEGORY-BAND: 15M
CATEGORY-MODE: CW
CATEGORY-OPERATOR:  SINGLE-OP
CATEGORY-STATION:  FIXED
CATEGORY-POWER:  LOW
CATEGORY-ASSISTED:  NON-ASSISTED
LOCATION:      DX
CLAIMED-SCORE: 2
NAME:          Eric Wennstrom
ADDRESS:       Rutegatan 33
ADDRESS:       SE-62143 Visby
ADDRESS:       Sweden
OPERATORS:     SM1TDE
QSO: 21000 CW 2025-09-21 1428 SM1TDE       599      DX        AE5GT       599      HAYS
QSO: 21000 CW 2025-09-21 1437 SM1TDE       599      DX        N5JJ        599      BZIA
END-OF-LOG: 
