START-OF-LOG:         3.0
CREATED-BY:           NA Version 10.59
CONTEST:              TX-QSO-PARTY
CALLSIGN:             W0BH
OPERATORS:            W0BH
CATEGORY-ASSISTED:    ASSISTED
CATEGORY-BAND:        ALL
CATEGORY-MODE:        MIXED
CATEGORY-OPERATOR:    SINGLE-OP
CATEGORY-POWER:       HIGH
CATEGORY-STATION:     FIXED
CATEGORY-TRANSMITTER: ONE
CLAIMED-SCORE:        19239
LOCATION:             KS 
ARRL-SECTION:         KS         
CLUB:                 
NAME:                 BOB HARDER
ADDRESS:              PO BOX 746
ADDRESS:              HESSTON KS 67062
EMAIL:                w0bh@arrl.net
SOAPBOX:              
SOAPBOX:              ( 79CW*3 ) + ( 31PH*2 ) = 299 * 61 = 18239 in 3.5
SOAPBOX:              (MOBILE BONUS with AD4EB K5CM)
SOAPBOX:              18239 + 2*500 = 19239
SOAPBOX:              logs@txqp.net due Oct 5, 2025
SOAPBOX:              submitted 28 Sep 2025
SOAPBOX:    
QSO:  7041 CW 2025-09-20 1406 W0BH         599 KS     N5TJ         599 HAYS  
QSO:  7044 CW 2025-09-20 1412 W0BH         599 KS     KD2KW        599 DENT  
QSO:  7038 CW 2025-09-20 1413 W0BH         599 KS     AD4EB        599 LAMA  
QSO:  7038 CW 2025-09-20 1413 W0BH         599 KS     AD4EB        599 FANN  
QSO:  7037 CW 2025-09-20 1414 W0BH         599 KS     KG5U         599 HARR  
QSO:  7034 CW 2025-09-20 1415 W0BH         599 KS     K5OT         599 BLAN  
QSO:  7042 CW 2025-09-20 1417 W0BH         599 KS     N5RZ         599 GILL  
QSO: 14031 CW 2025-09-20 1418 W0BH         599 KS     AI5IN        599 WALL  
QSO:  7200 PH 2025-09-20 1420 W0BH         59  KS     W5LO         59  KNOX  
QSO:  7220 PH 2025-09-20 1422 W0BH         59  KS     WA5JMZ       59  WALK  
QSO:  7228 PH 2025-09-20 1422 W0BH         59  KS     N5WTC        59  WASH  
QSO:  7233 PH 2025-09-20 1423 W0BH         59  KS     WB0TEV       59  LAMA  
QSO:  7280 PH 2025-09-20 1423 W0BH         59  KS     N5IT         59  MLEN  
QSO: 14031 CW 2025-09-20 1424 W0BH         599 KS     W5NC         599 HARR  
QSO: 14033 CW 2025-09-20 1426 W0BH         599 KS     N5AU         599 RAIN  
QSO: 14035 CW 2025-09-20 1427 W0BH         599 KS     AJ4F         599 GALV  
QSO: 14041 CW 2025-09-20 1428 W0BH         599 KS     N5RZ         599 GILL  
QSO: 14044 CW 2025-09-20 1429 W0BH         599 KS     W5ACQ        599 BREW  
QSO: 14263 PH 2025-09-20 1432 W0BH         59  KS     KN6VTC       59  WARD  
QSO: 14297 PH 2025-09-20 1433 W0BH         59  KS     K5WA         59  AUST  
QSO: 21040 CW 2025-09-20 1434 W0BH         599 KS     N5TJ         599 HAYS  
QSO: 21043 CW 2025-09-20 1438 W0BH         599 KS     N5RZ         599 GILL  
QSO:  7235 PH 2025-09-20 1444 W0BH         59  KS     NZ5X         59  OCHI  
QSO:  7235 PH 2025-09-20 1446 W0BH         59  KS     K5EC         59  ROBE  
QSO:  7235 PH 2025-09-20 1446 W0BH         59  KS     K5EC         59  MADI  
QSO:  7235 PH 2025-09-20 1446 W0BH         59  KS     K5EC         59  LEON  
QSO:  7235 PH 2025-09-20 1446 W0BH         59  KS     K5EC         59  BZOS  
QSO:  7235 PH 2025-09-20 1447 W0BH         59  KS     N5LUL        59  POTT  
QSO:  7235 PH 2025-09-20 1448 W0BH         59  KS     NW5Q         59  COLN  
QSO:  7235 PH 2025-09-20 1448 W0BH         59  KS     WA5CKF       59  DALS  
QSO:  7235 PH 2025-09-20 1449 W0BH         59  KS     NU5DE        59  BAST  
QSO:  7235 PH 2025-09-20 1451 W0BH         59  KS     K5YX         59  DENT  
QSO:  7235 PH 2025-09-20 1452 W0BH         59  KS     K5BNF        59  KIMB  
QSO:  7235 PH 2025-09-20 1453 W0BH         59  KS     KJ5FCU       59  BAST  
QSO:  7032 CW 2025-09-20 1456 W0BH         599 KS     WA5DTK       599 MGMY  
QSO:  7034 CW 2025-09-20 1456 W0BH         599 KS     KT5V         599 DALS  
QSO:  7037 CW 2025-09-20 1457 W0BH         599 KS     N5JJ         599 BZIA  
QSO: 14030 CW 2025-09-20 1502 W0BH         599 KS     K5OT         599 BLAN  
QSO: 14036 CW 2025-09-20 1502 W0BH         599 KS     N5TM         599 RBSN  
QSO: 14037 CW 2025-09-20 1504 W0BH         599 KS     N8AI         599 BZIA  
QSO: 14046 CW 2025-09-20 1505 W0BH         599 KS     K5WA         599 AUST  
QSO: 14280 PH 2025-09-20 1511 W0BH         59  KS     KK5TY        59  SMIT  
QSO:  7038 CW 2025-09-20 1513 W0BH         599 KS     NF5T         599 ECTO  
QSO:  7037 CW 2025-09-20 1514 W0BH         599 KS     AD4EB        599 HUNT  
QSO:  7031 CW 2025-09-20 1515 W0BH         599 KS     N5NA         599 ANDR  
QSO:  7032 CW 2025-09-20 1516 W0BH         599 KS     W5LXS        599 MIDL  
QSO:  7035 CW 2025-09-20 1518 W0BH         599 KS     W8OV         599 COLN  
QSO: 14040 CW 2025-09-20 1615 W0BH         599 KS     N5OT         599 CHER  
QSO: 14034 CW 2025-09-20 1618 W0BH         599 KS     K5MR         599 COLN  
QSO: 21033 CW 2025-09-20 1626 W0BH         599 KS     N5XZ         599 FBEN  
QSO:  7039 CW 2025-09-20 1954 W0BH         599 KS     K5CM         599 GRSN  
QSO:  7039 CW 2025-09-20 1954 W0BH         599 KS     K5CM         599 DENT  
QSO:  7039 CW 2025-09-20 1954 W0BH         599 KS     K5CM         599 COLN  
QSO:  7044 CW 2025-09-20 1958 W0BH         599 KS     AJ4F         599 GALV  
QSO: 14036 CW 2025-09-20 2005 W0BH         599 KS     AD4EB        599 HRSN  
QSO: 14252 PH 2025-09-20 2008 W0BH         59  KS     KF5VDX       59  NUEC  
QSO:  7034 CW 2025-09-20 2107 W0BH         599 KS     WA8ZBT       599 DALS  
QSO:  7032 CW 2025-09-20 2107 W0BH         599 KS     K5ME         599 ANGE  
QSO:  7037 CW 2025-09-20 2147 W0BH         599 KS     AD4EB        599 SMIT  
QSO:  7030 CW 2025-09-20 2148 W0BH         599 KS     KE5CW        599 DENT  
QSO:  7030 CW 2025-09-20 2148 W0BH         599 KS     KE5CW        599 COOK  
QSO:  7039 CW 2025-09-20 2149 W0BH         599 KS     K5WA         599 AUST  
QSO: 14040 CW 2025-09-20 2238 W0BH         599 KS     N5XU         599 TRAV  
QSO: 14032 CW 2025-09-20 2240 W0BH         599 KS     W5LXS        599 MIDL  
QSO: 14275 PH 2025-09-20 2242 W0BH         59  KS     W5NC         59  HARR  
QSO: 14251 PH 2025-09-20 2245 W0BH         59  KS     WA5JMZ       59  WALK  
QSO:  7031 CW 2025-09-20 2254 W0BH         599 KS     N5NA         599 HOWA  
QSO:  7035 CW 2025-09-20 2255 W0BH         599 KS     N5TM         599 LAMP  
QSO:  7036 CW 2025-09-20 2255 W0BH         599 KS     W5NC         599 HARR  
QSO:  7037 CW 2025-09-20 2256 W0BH         599 KS     AI5IN        599 WALL  
QSO:  7030 CW 2025-09-21 0042 W0BH         599 KS     AE5GT        599 HAYS  
QSO:  7032 CW 2025-09-21 0042 W0BH         599 KS     K5Y          599 BZIA  
QSO:  7038 CW 2025-09-21 0046 W0BH         599 KS     AD4EB        599 WISE  
QSO:  7038 CW 2025-09-21 0046 W0BH         599 KS     AD4EB        599 DENT  
QSO: 14039 CW 2025-09-21 0100 W0BH         599 KS     N5TJ         599 HAYS  
QSO:  7188 PH 2025-09-21 0103 W0BH         59  KS     K5KJ         59  DALS  
QSO:  7185 PH 2025-09-21 0105 W0BH         59  KS     KN6VTC       59  WARD  
QSO:  7188 PH 2025-09-21 0107 W0BH         59  KS     K5KJ         59  DALS  
QSO: 14038 CW 2025-09-21 0113 W0BH         599 KS     AD5A         599 KEND  
QSO: 14046 CW 2025-09-21 0121 W0BH         599 KS     KF5KWO       599 BEXA  
QSO:  3538 CW 2025-09-21 0123 W0BH         599 KS     W5LXS        599 MIDL  
QSO:  3530 CW 2025-09-21 0124 W0BH         599 KS     AE5GT        599 HAYS  
QSO:  3540 CW 2025-09-21 0125 W0BH         599 KS     KG5U         599 HARR  
QSO:  7042 CW 2025-09-21 0144 W0BH         599 KS     AD5A         599 KEND  
QSO:  3541 CW 2025-09-21 0152 W0BH         599 KS     N5RZ         599 GILL  
QSO:  3536 CW 2025-09-21 0153 W0BH         599 KS     AD5A         599 KEND  
QSO:  7040 CW 2025-09-21 0159 W0BH         599 KS     N5OT         599 FALL  
QSO:  7043 CW 2025-09-21 1408 W0BH         599 KS     W5ACQ        599 BREW  
QSO:  7040 CW 2025-09-21 1409 W0BH         599 KS     WB5BKL       599 BURN  
QSO:  7202 PH 2025-09-21 1410 W0BH         59  KS     N5T          59  JACK  
QSO:  7224 PH 2025-09-21 1411 W0BH         59  KS     KJ5MA        59  PARK  
QSO:  7224 PH 2025-09-21 1412 W0BH         59  KS     K5UBE        59  PARM  
QSO: 14035 CW 2025-09-21 1415 W0BH         599 KS     N5JJ         599 BZIA  
QSO: 14040 CW 2025-09-21 1416 W0BH         599 KS     N5OT         599 FREE  
QSO: 14046 CW 2025-09-21 1418 W0BH         599 KS     KG5OWB       599 BEXA  
QSO: 14033 CW 2025-09-21 1419 W0BH         599 KS     N5NA         599 GLAS  
QSO: 14038 CW 2025-09-21 1420 W0BH         599 KS     NF5T         599 ECTO  
QSO:  7039 CW 2025-09-21 1424 W0BH         599 KS     K5CM         599 HOPK  
QSO:  7039 CW 2025-09-21 1424 W0BH         599 KS     K5CM         599 RAIN  
QSO:  7042 CW 2025-09-21 1425 W0BH         599 KS     K5WSN        599 HOOD  
QSO: 14245 PH 2025-09-21 1427 W0BH         59  KS     K5TR         59  WMSN  
QSO: 14280 PH 2025-09-21 1429 W0BH         59  KS     KK5LO        59  MEDI  
QSO: 14036 CW 2025-09-21 1530 W0BH         599 KS     KG5U         599 HARR  
QSO: 14228 PH 2025-09-21 1533 W0BH         59  KS     AI5IN        59  WALL  
QSO: 21042 CW 2025-09-21 1535 W0BH         599 KS     K5OT         599 BLAN  
QSO: 14034 CW 2025-09-21 1933 W0BH         599 KS     AI5GT        599 HAYS  
QSO: 14030 CW 2025-09-21 1934 W0BH         599 KS     W5ESE        599 JDAV  
QSO: 14036 CW 2025-09-21 1935 W0BH         599 KS     K5Y          599 BZIA  
QSO: 14040 CW 2025-09-21 1937 W0BH         599 KS     WA5DCT       599 NAVA  
QSO: 14043 CW 2025-09-21 1938 W0BH         599 KS     WB5BKL       599 BURN  
QSO: 14045 CW 2025-09-21 1939 W0BH         599 KS     K5WSN        599 HOOD  
END-OF-LOG:
