START-OF-LOG: 3.0                                                                               
CALLSIGN: W5ESE                                                                         
CONTEST: TX-QSO-PARTY                                                                           
CATEGORY-ASSISTED: NON-ASSISTED                                                                         
CATEGORY-BAND: ALL                                                                              
CATEGORY-MODE: CW                                                                               
CATEGORY-OPERATOR: SINGLE-OP                                                                            
CATEGORY-POWER: QRP                                                                             
CATEGORY-STATION: FIXED                                                                         
CATEGORY-TRANSMITTER: ONE                                                                               
CLUB: AUSTIN QRP CLUB                                                                           
CREATED-BY: GOOGLE-SHEETS                                                                               
EMAIL: w5ese@arrl.net                                                                           
GRID-LOCATOR: DM80ao                                                                            
LOCATION: WTX                                                                           
NAME: SCOTT MCMULLEN                                                                            
ADDRESS: 205 STIRRUP DR                                                                         
ADDRESS-CITY: DRIPPING SPRINGS                                                                          
ADDRESS-STATE-PROVINCE: TX                                                                              
ADDRESS-POSTAL-CODE: 78620-2721                                                                         
ADDRESS-COUNTRY: UNITED STATES OF AMERICA                                                                               
OPERATORS: W5ESE                                                                                
SOAPBOX: HAD A GREAT TIME AND THANKS FOR SPONSORING IT!
QSO:    7000    CW      2025-09-20      1636    W5ESE   599     JDAV    AD4EB   599     HOPK
QSO:    7000    CW      2025-09-20      1640    W5ESE   599     JDAV    NX5M    599     BURL
QSO:    7000    CW      2025-09-20      1641    W5ESE   599     JDAV    N5NA    599     TERY
QSO:    7000    CW      2025-09-20      1644    W5ESE   599     JDAV    N5RZ    599     GILL
QSO:    7000    CW      2025-09-20      1650    W5ESE   599     JDAV    N5TJ    599     HAYS
QSO:    7000    CW      2025-09-20      1651    W5ESE   599     JDAV    N5NA    599     HOCK
QSO:    7000    CW      2025-09-20      1701    W5ESE   599     JDAV    K5OT    599     BLAN
QSO:    7000    CW      2025-09-20      1742    W5ESE   599     JDAV    K5WA    599     AUST
QSO:    7000    CW      2025-09-20      1744    W5ESE   599     JDAV    AA5KC   599     KINN
QSO:    7000    CW      2025-09-20      1755    W5ESE   599     JDAV    K5NZ    599     GRIM
QSO:    7000    CW      2025-09-20      1808    W5ESE   599     JDAV    AD4EB   599     UPSH
QSO:    7000    CW      2025-09-20      1808    W5ESE   599     JDAV    AD4EB   599     CAMP
QSO:    7000    CW      2025-09-20      1810    W5ESE   599     JDAV    N5NA    599     COCH
QSO:    7000    CW      2025-09-20      1826    W5ESE   599     JDAV    N5NA    599     BAIL
QSO:    7000    CW      2025-09-20      1829    W5ESE   599     JDAV    W5LXS   599     MIDL
QSO:    7000    CW      2025-09-20      2036    W5ESE   599     JDAV    N5NA    599     DICK
QSO:    7000    CW      2025-09-20      2108    W5ESE   599     JDAV    N5NA    599     KENT
QSO:    14000   CW      2025-09-20      2115    W5ESE   599     JDAV    W9SN    599     TN
QSO:    14000   CW      2025-09-20      2120    W5ESE   599     JDAV    W2RQ    599     NJ
QSO:    14000   CW      2025-09-20      2122    W5ESE   599     JDAV    AI5IN   599     WALL
QSO:    14000   CW      2025-09-20      2125    W5ESE   599     JDAV    N5OT    599     POLK
QSO:    14000   CW      2025-09-20      2125    W5ESE   599     JDAV    KE0TT   599     IA
QSO:    14000   CW      2025-09-20      2130    W5ESE   599     JDAV    KA6BIM  599     OR
QSO:    14000   CW      2025-09-20      2132    W5ESE   599     JDAV    W8PI    599     MI
QSO:    14000   CW      2025-09-20      2136    W5ESE   599     JDAV    NE8P    599     MI
QSO:    14000   CW      2025-09-20      2140    W5ESE   599     JDAV    NW0M    599     MO
QSO:    14000   CW      2025-09-20      2143    W5ESE   599     JDAV    AI5G    599     MO
QSO:    14000   CW      2025-09-20      2143    W5ESE   599     JDAV    W5TM    599     OK
QSO:    14000   CW      2025-09-20      2145    W5ESE   599     JDAV    K0HB    599     MN
QSO:    14000   CW      2025-09-20      2146    W5ESE   599     JDAV    K5ME    599     ANGE
QSO:    14000   CW      2025-09-20      2335    W5ESE   599     JDAV    KK6MC   599     IA
QSO:    14000   CW      2025-09-20      2339    W5ESE   599     JDAV    AD4EB   599     COLN
QSO:    7000    CW      2025-09-20      2343    W5ESE   599     JDAV    AI5IN   599     WALL
QSO:    7000    CW      2025-09-20      2348    W5ESE   599     JDAV    K5TIA   599     HARR
QSO:    7000    CW      2025-09-20      2352    W5ESE   599     JDAV    AE5GT   599     HAYS
QSO:    7000    CW      2025-09-20      2359    W5ESE   599     JDAV    KT5V    599     DALS
QSO:    7000    CW      2025-09-21      0002    W5ESE   599     JDAV    AD4EB   599     DALS
QSO:    7000    CW      2025-09-21      0004    W5ESE   599     JDAV    N5OT    599     GRIM
QSO:    7000    CW      2025-09-21      1452    W5ESE   599     JDAV    N5NA    599     STER
QSO:    7000    CW      2025-09-21      1504    W5ESE   599     JDAV    WB5BKL  599     BURN
QSO:    14000   CW      2025-09-21      1519    W5ESE   599     JDAV    N5TM    599     HARR
QSO:    14000   CW      2025-09-21      1524    W5ESE   599     JDAV    KG5U    599     HARR
QSO:    14000   CW      2025-09-21      1524    W5ESE   599     JDAV    KC7V    599     AZ
QSO:    14000   CW      2025-09-21      1525    W5ESE   599     JDAV    NT6X    599     CA
QSO:    14000   CW      2025-09-21      1526    W5ESE   599     JDAV    AJ6FB   599     CA
QSO:    14000   CW      2025-09-21      1529    W5ESE   599     JDAV    N6HU    599     CA
QSO:    14000   CW      2025-09-21      1531    W5ESE   599     JDAV    OM2VL   599     OM
QSO:    14000   CW      2025-09-21      1531    W5ESE   599     JDAV    K5NZV   599     AR
QSO:    14000   CW      2025-09-21      1534    W5ESE   599     JDAV    K9OM    599     WI
QSO:    14000   CW      2025-09-21      1535    W5ESE   599     JDAV    AA3R    599     NJ
QSO:    14000   CW      2025-09-21      1542    W5ESE   599     JDAV    K5QQ    599     MO
QSO:    14000   CW      2025-09-21      1557    W5ESE   599     JDAV    WX8C    599     MO
QSO:    14000   CW      2025-09-21      1557    W5ESE   599     JDAV    N6KZ    599     AZ
QSO:    14000   CW      2025-09-21      1559    W5ESE   599     JDAV    KB3MDD  599     FBEN
QSO:    14000   CW      2025-09-21      1623    W5ESE   599     JDAV    K5WA    599     AUST
QSO:    14000   CW      2025-09-21      1654    W5ESE   599     JDAV    K5ECT   599     ELLI
QSO:    14000   CW      2025-09-21      1701    W5ESE   599     JDAV    KC0ZPS  599     CO
QSO:    14000   CW      2025-09-21      1703    W5ESE   599     JDAV    KC8FDU  599     MO
QSO:    14000   CW      2025-09-21      1711    W5ESE   599     JDAV    K5SJC   559     CO
QSO:    14000   CW      2025-09-21      1720    W5ESE   599     JDAV    VE7JH   559     BC
QSO:    14000   CW      2025-09-21      1729    W5ESE   599     JDAV    N1LN    599     NC
QSO:    14000   CW      2025-09-21      1750    W5ESE   599     JDAV    K7SHR   549     MT
QSO:    14000   CW      2025-09-21      1754    W5ESE   599     JDAV    K1GU    599     TN
QSO:    14000   CW      2025-09-21      1755    W5ESE   599     JDAV    KG7CW   599     ID
QSO:    14000   CW      2025-09-21      1801    W5ESE   599     JDAV    K5KGK   599     HUNT
QSO:    14000   CW      2025-09-21      1835    W5ESE   599     JDAV    K0FG    559     IA
QSO:    14000   CW      2025-09-21      1840    W5ESE   599     JDAV    WK8S    559     CO
QSO:    14000   CW      2025-09-21      1901    W5ESE   599     JDAV    KB4VU   559     FL
QSO:    14000   CW      2025-09-21      1903    W5ESE   599     JDAV    NN5DE   559     TARR
QSO:    14000   CW      2025-09-21      1905    W5ESE   599     JDAV    WB0JNR  559     NM
QSO:    14000   CW      2025-09-21      1918    W5ESE   599     JDAV    K5DGR   529     CO
QSO:    14000   CW      2025-09-21      1925    W5ESE   599     JDAV    WA5DCT  599     NAVA
QSO:    14000   CW      2025-09-21      1926    W5ESE   599     JDAV    KG9X    599     IL
QSO:    14000   CW      2025-09-21      1935    W5ESE   599     JDAV    W0BH    599     KS
QSO:    14000   CW      2025-09-21      1935    W5ESE   599     JDAV    WA7RAR  599     OR
QSO:    14000   CW      2025-09-21      1946    W5ESE   599     JDAV    AA5UZ   599     LA
QSO:    14000   CW      2025-09-21      1947    W5ESE   599     JDAV    K0DME   599     CO
QSO:    14000   CW      2025-09-21      1952    W5ESE   599     JDAV    N8BB    599     MI
QSO:    14000   CW      2025-09-21      1958    W5ESE   599     JDAV    K0RC    599     MN
END-OF-LOG:                                                                             