START-OF-LOG: 3.0
LOCATION: SDG
CALLSIGN: WQ6X
CLUB: San Diego Contest Club
CONTEST: TX-QSO-PARTY
CATEGORY-OPERATOR: SINGLE-OP
CATEGORY-ASSISTED: ASSISTED
CATEGORY-BAND: ALL
CATEGORY-MODE: MIXED
CATEGORY-POWER: QRP
CATEGORY-STATION: FIXED
CATEGORY-TRANSMITTER: ONE
CLAIMED-SCORE: 8775
OPERATORS: WQ6X
SOAPBOX: This was another WQ6X QRP QSO part weekend.
SOAPBOX: I really appreciated the rover stations who encouraged me to check in
SOAPBOX: on them every so often for another new county - you guys know how to Do-it!
SOAPBOX: Several operators were not giving the correct abbv's for their counties
SOAPBOX: making things a bit confusing - otherwise it was a good event.
SOAPBOX: Having time on Sunday is what makes it all work.
SOAPBOX: Read more about his at: http://WQ6X.Blogspot.com
NAME: Ron Fitch
ADDRESS: P.O. Box 6168
ADDRESS-CITY: Alameda
ADDRESS-STATE-PROVINCE: CA
ADDRESS-POSTALCODE: 94501
ADDRESS-COUNTRY: UNITED STATES
GRID-LOCATOR: DM13IN
EMAIL: Ron@WQ6X.Info
CREATED-BY: N1MM Logger+ 1.0.10923.0
QSO:   21031 CW 2025-09-20 1613 WQ6X            599 CA     K5ME            599 ANGE               
QSO:   21037 CW 2025-09-20 1619 WQ6X            599 CA     KG5U/HARR       599 HARR               
QSO:   21035 CW 2025-09-20 1630 WQ6X            599 CA     AE5GT           599 HAYS               
QSO:   21040 CW 2025-09-20 1643 WQ6X            599 CA     AJ4F            599 GALV               
QSO:   14035 CW 2025-09-20 1723 WQ6X            599 CA     K5NZ            599 GRIM               
QSO:   14037 CW 2025-09-20 1732 WQ6X            599 CA     KG5U/HARR       599 HARR               
QSO:   14037 CW 2025-09-20 1741 WQ6X            599 CA     NF5T            599 ECTO               
QSO:   14037 CW 2025-09-20 1742 WQ6X            599 CA     N5AU            599 RAIN               
QSO:   14038 CW 2025-09-20 1743 WQ6X            599 CA     W5NC            599 HARR               
QSO:   14044 CW 2025-09-20 1748 WQ6X            599 CA     N5RZ            599 GILL               
QSO:   14032 CW 2025-09-20 1755 WQ6X            599 CA     N5NA/HOCK       599 HOCK               
QSO:   14033 CW 2025-09-20 1756 WQ6X            599 CA     N5TM/HAMI       599 HAMI               
QSO:   14037 CW 2025-09-20 1758 WQ6X            599 CA     AG4EB           599 UPSH               
QSO:   14037 CW 2025-09-20 1758 WQ6X            599 CA     AG4EB           599 CAMP               
QSO:   14039 CW 2025-09-20 1804 WQ6X            599 CA     KK6MC/M         599 FAYE               
QSO:   14039 CW 2025-09-20 1804 WQ6X            599 CA     KK6MC/M         599 BREW               
QSO:   14027 CW 2025-09-20 1850 WQ6X            599 CA     K5Y             599 BZIA               
QSO:   14032 CW 2025-09-20 1853 WQ6X            599 CA     KE5CW           599 DENT               
QSO:   14032 CW 2025-09-20 1853 WQ6X            599 CA     KE5CW           599 COOK               
QSO:   14033 CW 2025-09-20 1853 WQ6X            599 CA     N5NA/LAMB       599 LAMB               
QSO:   14035 CW 2025-09-20 1900 WQ6X            599 CA     N5JJ            599 BZIA               
QSO:   14037 CW 2025-09-20 1902 WQ6X            599 CA     AD4EB           599 CASS               
QSO:   14037 CW 2025-09-20 1902 WQ6X            599 CA     AD4EB           599 MORR               
QSO:   14038 CW 2025-09-20 1905 WQ6X            599 CA     K5TIA/HARR      599 HARR               
QSO:   14039 CW 2025-09-20 1907 WQ6X            599 CA     W5NE            599 SMIT               
QSO:   21034 CW 2025-09-20 1919 WQ6X            599 CA     WA5LXS          599 MIDL               
QSO:   21040 CW 2025-09-20 1927 WQ6X            599 CA     K5OT            599 BLAN               
QSO:   21046 CW 2025-09-20 1934 WQ6X            599 CA     WB5BKL          599 BURN               
QSO:   21030 CW 2025-09-20 1946 WQ6X            599 CA     KA5D            599 TRAV               
QSO:   21038 CW 2025-09-20 2113 WQ6X            599 CA     N5RZ            599 GILL               
QSO:   21044 CW 2025-09-20 2115 WQ6X            599 CA     W5YDM           599 ELLI               
QSO:   14038 CW 2025-09-20 2143 WQ6X            599 CA     N5TM/MILL       599 MILL               
QSO:   14047 CW 2025-09-20 2155 WQ6X            599 CA     NM5M            599 COLN               
QSO:   14031 CW 2025-09-20 2239 WQ6X            599 CA     N5NA            599 HOWA               
QSO:   14032 CW 2025-09-20 2239 WQ6X            599 CA     WA5LXS          599 MIDL               
QSO:   14039 CW 2025-09-20 2247 WQ6X            599 CA     K5CM            599 FANN               
QSO:   14039 CW 2025-09-20 2247 WQ6X            599 CA     K5CM            599 DELT               
QSO:   14039 CW 2025-09-20 2247 WQ6X            599 CA     K5CM            599 HUNT               
QSO:   14043 CW 2025-09-20 2248 WQ6X            599 CA     AJ4F/GALV       599 GALV               
QSO:   21043 CW 2025-09-20 2304 WQ6X            599 CA     N5RZ            599 GILL               
QSO:   14040 CW 2025-09-20 2316 WQ6X            599 CA     AI5N            599 WALL               
QSO:   14043 CW 2025-09-20 2320 WQ6X            599 CA     K5WSN           599 HOOD               
QSO:   14037 CW 2025-09-20 2336 WQ6X            599 CA     AD4EB           599 COLN               
QSO:   14035 CW 2025-09-21 1615 WQ6X            599 CA     AA5UN           599 HOOD               
QSO:   14039 CW 2025-09-21 1616 WQ6X            599 CA     N5OT/HILL       599 HILL               
QSO:   14047 CW 2025-09-21 1626 WQ6X            599 CA     K5ECT           599 ELLI               
QSO:   21039 CW 2025-09-21 1739 WQ6X            599 CA     N5OT            599 HOOD               
QSO:   21305 PH 2025-09-21 1750 WQ6X            59  CA     K5TR            59  FRAN               
QSO:   21338 PH 2025-09-21 1758 WQ6X            59  CA     K5WA            59  AUST               
QSO:   21293 PH 2025-09-21 1802 WQ6X            59  CA     W5LIC           59  HARR               
QSO:   21042 CW 2025-09-21 1810 WQ6X            599 CA     AD5A            599 KEND               
QSO:   21036 CW 2025-09-21 1825 WQ6X            599 CA     K5Y             599 BZIA               
QSO:   21040 CW 2025-09-21 1826 WQ6X            599 CA     N5OT            599 TARR               
QSO:   14034 CW 2025-09-21 1829 WQ6X            599 CA     N5TM            599 AUST               
QSO:   14034 CW 2025-09-21 1829 WQ6X            599 CA     N5TM            599 WHAR               
QSO:   21305 PH 2025-09-21 1840 WQ6X            59  CA     K5TR            59  HAYS               
QSO:   21337 PH 2025-09-21 1842 WQ6X            59  CA     W5LO            59  KNOX               
QSO:   21313 PH 2025-09-21 1849 WQ6X            59  CA     K5ECT           59  ELLI               
QSO:   21305 PH 2025-09-21 1852 WQ6X            59  CA     K5TR            59  BLAN               
QSO:   21287 PH 2025-09-21 1925 WQ6X            59  CA     KG5SQJ          59  PARK               
QSO:   21035 CW 2025-09-21 1932 WQ6X            599 CA     W5NC            599 HARR               
QSO:   21036 CW 2025-09-21 1932 WQ6X            599 CA     NM5M            599 COLN               
QSO:   21037 CW 2025-09-21 1933 WQ6X            599 CA     AD4EB           599 RAND               
QSO:   21037 CW 2025-09-21 1933 WQ6X            599 CA     AD4EB           599 POTT               
QSO:   21045 CW 2025-09-21 1944 WQ6X            599 CA     K5EC/M          599 BZIA               
QSO:   21045 CW 2025-09-21 1944 WQ6X            599 CA     K5EC/M          599 FBEN               
QSO:   21045 CW 2025-09-21 1944 WQ6X            599 CA     K5EC/M          599 HARR               
QSO:   14040 CW 2025-09-21 1948 WQ6X            599 CA     N5OT            599 HUNT               
QSO:   14240 PH 2025-09-21 2013 WQ6X            59  CA     KJ5KYP          59  BELL               
END-OF-LOG:
